{"timestamp":"2026-02-07T17:57:55.750Z","body":{"type":"test","payload":{"message":"hello from local test"}}}
{"timestamp":"2026-02-07T18:07:43.007Z","body":{"type":"test","payload":{"message":"hello from local test"}}}
{"timestamp":"2026-02-07T18:25:43.682Z","body":{"type":"login_failed","payload":{"email":"salman.dib91@gmail.com"},"ts":"2026-02-07T18:25:43.172Z","url":"/"}}
{"timestamp":"2026-02-07T18:25:50.379Z","body":{"type":"login_failed","payload":{"email":"salman.dib91@gmail.com"},"ts":"2026-02-07T18:25:49.513Z","url":"/"}}
{"timestamp":"2026-02-07T18:25:50.904Z","body":{"type":"login_failed","payload":{"email":"salman.dib91@gmail.com"},"ts":"2026-02-07T18:25:50.414Z","url":"/"}}
{"timestamp":"2026-02-07T18:25:51.764Z","body":{"type":"login_failed","payload":{"email":"salman.dib91@gmail.com"},"ts":"2026-02-07T18:25:51.272Z","url":"/"}}
{"timestamp":"2026-02-07T18:25:54.107Z","body":{"type":"login_failed","payload":{"email":"salman.dib91@gmail.com"},"ts":"2026-02-07T18:25:53.615Z","url":"/"}}
{"timestamp":"2026-02-07T18:25:54.536Z","body":{"type":"login_failed","payload":{"email":"salman.dib91@gmail.com"},"ts":"2026-02-07T18:25:54.045Z","url":"/"}}
{"timestamp":"2026-02-07T18:25:55.412Z","body":{"type":"login_failed","payload":{"email":"salman.dib91@gmail.com"},"ts":"2026-02-07T18:25:54.919Z","url":"/"}}
{"timestamp":"2026-02-07T18:26:14.413Z","body":{"type":"login_failed","payload":{"email":"sousou91.dib@gmail.com"},"ts":"2026-02-07T18:26:13.921Z","url":"/"}}
{"timestamp":"2026-02-07T18:26:16.573Z","body":{"type":"login_failed","payload":{"email":"sousou91.dib@gmail.com"},"ts":"2026-02-07T18:26:16.079Z","url":"/"}}
{"timestamp":"2026-02-07T18:26:17.095Z","body":{"type":"login_failed","payload":{"email":"sousou91.dib@gmail.com"},"ts":"2026-02-07T18:26:16.604Z","url":"/"}}
{"timestamp":"2026-02-07T18:26:17.329Z","body":{"type":"login_failed","payload":{"email":"sousou91.dib@gmail.com"},"ts":"2026-02-07T18:26:16.838Z","url":"/"}}
{"timestamp":"2026-02-07T18:26:17.583Z","body":{"type":"login_failed","payload":{"email":"sousou91.dib@gmail.com"},"ts":"2026-02-07T18:26:17.091Z","url":"/"}}
{"timestamp":"2026-02-07T18:26:24.020Z","body":{"type":"login_failed","payload":{"email":"sousou91.dib@gmail.com"},"ts":"2026-02-07T18:26:23.166Z","url":"/"}}
{"timestamp":"2026-02-07T18:26:25.048Z","body":{"type":"login_failed","payload":{"email":"sousou91.dib@gmail.com"},"ts":"2026-02-07T18:26:24.554Z","url":"/"}}
{"timestamp":"2026-02-07T18:26:25.286Z","body":{"type":"login_failed","payload":{"email":"sousou91.dib@gmail.com"},"ts":"2026-02-07T18:26:24.793Z","url":"/"}}
{"timestamp":"2026-02-07T18:26:35.913Z","body":{"type":"login_failed","payload":{"email":"sousou91.dib@gmail.com"},"ts":"2026-02-07T18:26:35.420Z","url":"/"}}
{"timestamp":"2026-02-07T18:26:38.695Z","body":{"type":"login_failed","payload":{"email":"sousou91.dib@gmail.com"},"ts":"2026-02-07T18:26:38.204Z","url":"/"}}
{"timestamp":"2026-02-07T18:26:39.714Z","body":{"type":"login_failed","payload":{"email":"sousou91.dib@gmail.com"},"ts":"2026-02-07T18:26:39.219Z","url":"/"}}
{"timestamp":"2026-02-07T18:26:57.492Z","body":{"type":"account_created","payload":{"user":"zqdqzd","email":"salman.dib91@gmail.com"},"ts":"2026-02-07T18:26:56.638Z","url":"/"}}
{"timestamp":"2026-02-07T19:08:39.343Z","body":{"type":"login_failed","payload":{"email":"roucoulecoucou@gmail.com"},"ts":"2026-02-07T19:08:39.339Z","url":"/"}}
{"timestamp":"2026-02-07T19:08:49.105Z","body":{"type":"login_failed","payload":{"email":"roucoulecoucou@gmail.com"},"ts":"2026-02-07T19:08:49.096Z","url":"/"}}
{"timestamp":"2026-02-07T19:12:42.874Z","body":{"type":"login_failed","payload":{"email":"streakzyoff@gmail.com"},"ts":"2026-02-07T19:12:41.831Z","url":"/"}}
{"timestamp":"2026-02-07T19:12:52.756Z","body":{"type":"account_created","payload":{"user":"jesuisbibilabille","email":"streakzyoff@gmail.com"},"ts":"2026-02-07T19:12:52.073Z","url":"/"}}
{"timestamp":"2026-02-07T19:12:55.524Z","body":{"type":"login","payload":{"user":"jesuisbibilabille"},"ts":"2026-02-07T19:12:54.840Z","url":"/"}}
{"timestamp":"2026-02-07T19:12:55.728Z","body":{"type":"page_view","payload":{"page":"home","user":"jesuisbibilabille"},"ts":"2026-02-07T19:12:55.046Z","url":"/home.html"}}
{"timestamp":"2026-02-07T19:12:58.010Z","body":{"type":"open_chat","payload":{"user":"jesuisbibilabille"},"ts":"2026-02-07T19:12:57.327Z","url":"/home.html"}}
{"timestamp":"2026-02-07T19:13:49.553Z","body":{"type":"login","payload":{"user":"jesuisbibilabille"},"ts":"2026-02-07T19:13:48.861Z","url":"/"}}
{"timestamp":"2026-02-07T19:13:49.730Z","body":{"type":"page_view","payload":{"page":"home","user":"jesuisbibilabille"},"ts":"2026-02-07T19:13:49.044Z","url":"/home.html"}}
